쾀창股밤땐데뇹잿溝固綠폘땡：http://127.0.0.1:8023
桔씩燎잿빈憩：http://127.0.0.1:8023/admin.html
[23/Jun/2026 21:50:59] "GET /api/admin/settings HTTP/1.1" 200 -
[23/Jun/2026 21:52:13] "POST /api/account/login HTTP/1.1" 200 -
[23/Jun/2026 21:52:13] "POST /api/account/login HTTP/1.1" 200 -
[23/Jun/2026 21:52:13] "POST /api/account/login HTTP/1.1" 200 -
[23/Jun/2026 21:52:13] "POST /api/account/login HTTP/1.1" 200 -
[23/Jun/2026 21:52:13] "GET /api/workbench HTTP/1.1" 200 -
[23/Jun/2026 21:52:13] "GET /api/workbench HTTP/1.1" 200 -
[23/Jun/2026 21:52:13] "POST /api/task/enter HTTP/1.1" 200 -
[23/Jun/2026 21:52:13] "POST /api/task/enter HTTP/1.1" 200 -
[23/Jun/2026 21:52:13] "POST /api/task/enter HTTP/1.1" 200 -
[23/Jun/2026 21:52:13] "POST /api/task/enter HTTP/1.1" 200 -
[23/Jun/2026 21:52:13] "GET /api/state HTTP/1.1" 200 -
[23/Jun/2026 21:52:13] "POST /api/submit HTTP/1.1" 200 -
[23/Jun/2026 21:52:13] "POST /api/workflow/complete HTTP/1.1" 200 -
[23/Jun/2026 21:52:13] "POST /api/workflow/complete HTTP/1.1" 200 -
[23/Jun/2026 21:52:13] "POST /api/workflow/complete HTTP/1.1" 200 -
[23/Jun/2026 21:52:13] "POST /api/workflow/complete HTTP/1.1" 200 -
[23/Jun/2026 21:52:13] "POST /api/questionnaire/submit HTTP/1.1" 200 -
[23/Jun/2026 21:52:13] "GET /api/workbench HTTP/1.1" 200 -
[23/Jun/2026 21:52:13] "POST /api/questionnaire/submit HTTP/1.1" 200 -
[23/Jun/2026 21:52:13] "POST /api/task/enter HTTP/1.1" 200 -
[23/Jun/2026 21:52:13] "POST /api/questionnaire/submit HTTP/1.1" 200 -
[23/Jun/2026 21:52:13] "POST /api/task/enter HTTP/1.1" 200 -
[23/Jun/2026 21:52:13] "POST /api/questionnaire/submit HTTP/1.1" 200 -
[23/Jun/2026 21:52:13] "POST /api/task/enter HTTP/1.1" 200 -
[23/Jun/2026 21:52:13] "POST /api/workflow/complete HTTP/1.1" 200 -
[23/Jun/2026 21:52:13] "POST /api/workflow/complete HTTP/1.1" 200 -
[23/Jun/2026 21:52:13] "POST /api/workflow/complete HTTP/1.1" 200 -
[23/Jun/2026 21:52:14] "GET /api/workbench HTTP/1.1" 200 -
[23/Jun/2026 21:52:14] "POST /api/questionnaire/submit HTTP/1.1" 200 -
[23/Jun/2026 21:52:14] "POST /api/questionnaire/submit HTTP/1.1" 200 -
[23/Jun/2026 21:52:14] "POST /api/questionnaire/submit HTTP/1.1" 200 -
[23/Jun/2026 21:52:14] "POST /api/questionnaire/submit HTTP/1.1" 200 -
[23/Jun/2026 21:52:14] "POST /api/task/enter HTTP/1.1" 200 -
[23/Jun/2026 21:52:14] "POST /api/task/enter HTTP/1.1" 200 -
[23/Jun/2026 21:52:14] "POST /api/task/enter HTTP/1.1" 200 -
[23/Jun/2026 21:52:14] "POST /api/task/enter HTTP/1.1" 200 -
[23/Jun/2026 21:52:14] "GET /api/state HTTP/1.1" 200 -
[23/Jun/2026 21:52:14] "GET /api/admin/export?type=survey HTTP/1.1" 200 -
[23/Jun/2026 21:52:14] "GET /api/admin/settings HTTP/1.1" 200 -
[23/Jun/2026 21:52:14] "POST /api/admin/reset HTTP/1.1" 200 -
[23/Jun/2026 21:52:14] "GET /api/workbench HTTP/1.1" 200 -
[23/Jun/2026 21:52:14] "GET /api/admin/settings HTTP/1.1" 200 -
[23/Jun/2026 21:56:30] "GET / HTTP/1.1" 200 -
[23/Jun/2026 21:56:30] "GET /app.js?v=20260623-3 HTTP/1.1" 200 -
[23/Jun/2026 21:58:50] "GET / HTTP/1.1" 200 -
[23/Jun/2026 21:58:50] "GET /app.js?v=20260623-3 HTTP/1.1" 200 -
[23/Jun/2026 21:58:50] "GET / HTTP/1.1" 200 -
[23/Jun/2026 21:58:50] "GET /app.js?v=20260623-3 HTTP/1.1" 200 -
[23/Jun/2026 21:58:56] "GET / HTTP/1.1" 200 -
[23/Jun/2026 21:58:56] "GET /app.js?v=20260623-3 HTTP/1.1" 200 -
[23/Jun/2026 21:59:02] "GET / HTTP/1.1" 200 -
[23/Jun/2026 21:59:02] "GET /styles.css?v=20260623-3 HTTP/1.1" 200 -
[23/Jun/2026 21:59:02] "GET /app.js?v=20260623-3 HTTP/1.1" 200 -
[23/Jun/2026 21:59:02] "GET /assets/brand/logo-login.png HTTP/1.1" 200 -
[23/Jun/2026 21:59:02] code 404, message Not Found
[23/Jun/2026 21:59:02] "GET /favicon.ico HTTP/1.1" 404 -
[23/Jun/2026 21:59:20] "POST /api/account/login HTTP/1.1" 200 -
[23/Jun/2026 21:59:20] "GET /api/workbench HTTP/1.1" 200 -
[23/Jun/2026 21:59:20] "GET /assets/brand/logo-header.png HTTP/1.1" 200 -
[23/Jun/2026 21:59:40] "POST /api/task/enter HTTP/1.1" 200 -
[23/Jun/2026 21:59:40] "GET /api/state HTTP/1.1" 200 -
[23/Jun/2026 21:59:40] "GET /assets/products/cleanser.png HTTP/1.1" 200 -[23/Jun/2026 21:59:40] "GET /assets/products/storage-cabinet.png HTTP/1.1" 200 -

[23/Jun/2026 21:59:40] "GET /assets/products/hiking-backpack.png HTTP/1.1" 200 -
[23/Jun/2026 21:59:42] "GET /api/state HTTP/1.1" 200 -
[23/Jun/2026 21:59:44] "GET /api/state HTTP/1.1" 200 -
[23/Jun/2026 21:59:47] "GET /api/state HTTP/1.1" 200 -
[23/Jun/2026 21:59:49] "GET /api/state HTTP/1.1" 200 -
[23/Jun/2026 21:59:52] "GET /api/state HTTP/1.1" 200 -
[23/Jun/2026 21:59:54] "GET /api/state HTTP/1.1" 200 -
[23/Jun/2026 21:59:57] "GET /api/state HTTP/1.1" 200 -
[23/Jun/2026 21:59:59] "GET /api/state HTTP/1.1" 200 -
[23/Jun/2026 22:00:02] "GET /api/state HTTP/1.1" 200 -
[23/Jun/2026 22:00:04] "GET /api/state HTTP/1.1" 200 -
[23/Jun/2026 22:00:06] "POST /api/submit HTTP/1.1" 200 -
[23/Jun/2026 22:00:07] "GET /api/state HTTP/1.1" 200 -
[23/Jun/2026 22:00:07] "GET /api/state HTTP/1.1" 200 -
[23/Jun/2026 22:00:09] "GET /api/state HTTP/1.1" 200 -
[23/Jun/2026 22:00:12] "GET /api/state HTTP/1.1" 200 -
[23/Jun/2026 22:00:14] "GET /api/state HTTP/1.1" 200 -
[23/Jun/2026 22:00:17] "GET /api/state HTTP/1.1" 200 -
[23/Jun/2026 22:00:19] "GET /api/state HTTP/1.1" 200 -
[23/Jun/2026 22:00:22] "GET /api/state HTTP/1.1" 200 -
[23/Jun/2026 22:00:24] "GET /api/state HTTP/1.1" 200 -
[23/Jun/2026 22:00:27] "GET /api/state HTTP/1.1" 200 -
[23/Jun/2026 22:00:29] "GET /api/state HTTP/1.1" 200 -
[23/Jun/2026 22:00:32] "GET /api/state HTTP/1.1" 200 -
[23/Jun/2026 22:00:34] "GET /api/state HTTP/1.1" 200 -
[23/Jun/2026 22:00:37] "GET /api/state HTTP/1.1" 200 -
[23/Jun/2026 22:00:39] "GET /api/state HTTP/1.1" 200 -
[23/Jun/2026 22:00:40] "POST /api/submit HTTP/1.1" 200 -
[23/Jun/2026 22:00:41] "GET /api/state HTTP/1.1" 200 -
[23/Jun/2026 22:00:42] "GET /api/state HTTP/1.1" 200 -
[23/Jun/2026 22:00:44] "GET /api/state HTTP/1.1" 200 -
[23/Jun/2026 22:00:47] "GET /api/state HTTP/1.1" 200 -
[23/Jun/2026 22:00:49] "GET /api/state HTTP/1.1" 200 -
[23/Jun/2026 22:00:52] "GET /api/state HTTP/1.1" 200 -
[23/Jun/2026 22:00:54] "GET /api/state HTTP/1.1" 200 -
[23/Jun/2026 22:00:57] "GET /api/state HTTP/1.1" 200 -
[23/Jun/2026 22:00:59] "GET /api/state HTTP/1.1" 200 -
[23/Jun/2026 22:01:02] "GET /api/state HTTP/1.1" 200 -
[23/Jun/2026 22:01:04] "GET /api/state HTTP/1.1" 200 -
[23/Jun/2026 22:01:07] "GET /api/state HTTP/1.1" 200 -
[23/Jun/2026 22:01:09] "POST /api/submit HTTP/1.1" 200 -
[23/Jun/2026 22:01:09] "GET /api/state HTTP/1.1" 200 -
[23/Jun/2026 22:01:10] "GET /api/state HTTP/1.1" 200 -
[23/Jun/2026 22:01:12] "GET /api/state HTTP/1.1" 200 -
[23/Jun/2026 22:01:14] "GET /api/state HTTP/1.1" 200 -
[23/Jun/2026 22:01:17] "GET /api/state HTTP/1.1" 200 -
[23/Jun/2026 22:01:19] "GET /api/state HTTP/1.1" 200 -
[23/Jun/2026 22:01:22] "GET /api/state HTTP/1.1" 200 -
[23/Jun/2026 22:01:24] "GET /api/state HTTP/1.1" 200 -
[23/Jun/2026 22:01:27] "POST /api/workflow/complete HTTP/1.1" 200 -
[23/Jun/2026 22:01:27] "GET /api/workbench HTTP/1.1" 200 -
[23/Jun/2026 22:02:35] "POST /api/questionnaire/submit HTTP/1.1" 200 -
[23/Jun/2026 22:02:35] "GET /api/workbench HTTP/1.1" 200 -
[23/Jun/2026 22:02:37] "GET /api/workbench HTTP/1.1" 200 -
[23/Jun/2026 22:02:39] "GET /api/workbench HTTP/1.1" 200 -
[23/Jun/2026 22:02:42] "GET /api/workbench HTTP/1.1" 200 -
[23/Jun/2026 22:02:44] "GET /api/workbench HTTP/1.1" 200 -
[23/Jun/2026 22:02:47] "GET /api/workbench HTTP/1.1" 200 -
[23/Jun/2026 22:02:49] "GET /api/workbench HTTP/1.1" 200 -
[23/Jun/2026 22:02:52] "GET /api/workbench HTTP/1.1" 200 -
[23/Jun/2026 22:02:54] "GET /api/workbench HTTP/1.1" 200 -
[23/Jun/2026 22:02:57] "GET /api/workbench HTTP/1.1" 200 -
[23/Jun/2026 22:02:59] "GET /api/workbench HTTP/1.1" 200 -
[23/Jun/2026 22:03:02] "GET /api/workbench HTTP/1.1" 200 -
[23/Jun/2026 22:03:04] "GET /api/workbench HTTP/1.1" 200 -
[23/Jun/2026 22:03:07] "GET /api/workbench HTTP/1.1" 200 -
[23/Jun/2026 22:03:09] "GET /api/workbench HTTP/1.1" 200 -
[23/Jun/2026 22:03:12] "GET /api/workbench HTTP/1.1" 200 -
[23/Jun/2026 22:03:14] "GET /api/workbench HTTP/1.1" 200 -
[23/Jun/2026 22:03:17] "GET /api/workbench HTTP/1.1" 200 -
[23/Jun/2026 22:03:19] "GET /api/workbench HTTP/1.1" 200 -
[23/Jun/2026 22:03:22] "GET /api/workbench HTTP/1.1" 200 -
[23/Jun/2026 22:03:24] "GET /api/workbench HTTP/1.1" 200 -
[23/Jun/2026 22:03:27] "GET /api/workbench HTTP/1.1" 200 -
[23/Jun/2026 22:03:29] "GET /api/workbench HTTP/1.1" 200 -
[23/Jun/2026 22:03:32] "GET /api/workbench HTTP/1.1" 200 -
[23/Jun/2026 22:03:34] "GET /api/workbench HTTP/1.1" 200 -
[23/Jun/2026 22:03:37] "GET /api/workbench HTTP/1.1" 200 -
[23/Jun/2026 22:03:39] "GET /api/workbench HTTP/1.1" 200 -
[23/Jun/2026 22:03:42] "GET /api/workbench HTTP/1.1" 200 -
[23/Jun/2026 22:03:53] "POST /api/account/login HTTP/1.1" 200 -
[23/Jun/2026 22:03:53] "GET /api/workbench HTTP/1.1" 200 -
[23/Jun/2026 22:04:53] "GET /admin.html HTTP/1.1" 200 -
[23/Jun/2026 22:04:53] "GET /admin.js?v=20260623-2 HTTP/1.1" 200 -
[23/Jun/2026 22:05:00] "GET /admin.html HTTP/1.1" 200 -
[23/Jun/2026 22:05:00] "GET /admin.js?v=20260623-2 HTTP/1.1" 200 -
[23/Jun/2026 22:05:07] "GET /api/admin/settings HTTP/1.1" 200 -
[23/Jun/2026 22:05:40] "GET /api/admin/export?type=all HTTP/1.1" 200 -
[24/Jun/2026 12:59:03] "GET / HTTP/1.1" 200 -
[24/Jun/2026 12:59:48] "GET / HTTP/1.1" 200 -
[24/Jun/2026 12:59:48] "GET /app.js?v=20260623-3 HTTP/1.1" 200 -[24/Jun/2026 12:59:48] "GET /styles.css?v=20260623-3 HTTP/1.1" 200 -

[24/Jun/2026 12:59:48] "GET /assets/brand/logo-login.png HTTP/1.1" 200 -
[24/Jun/2026 13:02:25] "POST /api/account/login HTTP/1.1" 200 -
[24/Jun/2026 13:02:25] "GET /api/workbench HTTP/1.1" 200 -
[24/Jun/2026 13:02:25] "GET /assets/brand/logo-header.png HTTP/1.1" 200 -
[24/Jun/2026 13:02:37] "POST /api/task/enter HTTP/1.1" 200 -
[24/Jun/2026 13:02:37] "GET /api/state HTTP/1.1" 200 -
[24/Jun/2026 13:02:38] "GET /api/state HTTP/1.1" 200 -
[24/Jun/2026 13:02:41] "GET /api/state HTTP/1.1" 200 -
[24/Jun/2026 13:02:43] "GET /api/state HTTP/1.1" 200 -
[24/Jun/2026 13:02:46] "GET /api/state HTTP/1.1" 200 -
[24/Jun/2026 13:02:48] "GET /api/state HTTP/1.1" 200 -
[24/Jun/2026 13:02:51] "GET /api/state HTTP/1.1" 200 -
[24/Jun/2026 13:02:53] "GET /api/state HTTP/1.1" 200 -
[24/Jun/2026 13:02:56] "GET /api/state HTTP/1.1" 200 -
[24/Jun/2026 13:02:58] "GET /api/state HTTP/1.1" 200 -
[24/Jun/2026 13:03:01] "GET /api/state HTTP/1.1" 200 -
[24/Jun/2026 13:03:01] "GET /assets/products/storage-cabinet.png HTTP/1.1" 200 -[24/Jun/2026 13:03:01] "GET /assets/products/hiking-backpack.png HTTP/1.1" 200 -[24/Jun/2026 13:03:01] "GET /assets/products/cleanser.png HTTP/1.1" 200 -


[24/Jun/2026 13:03:03] "GET /api/state HTTP/1.1" 200 -
[24/Jun/2026 13:03:06] "GET /api/state HTTP/1.1" 200 -
[24/Jun/2026 13:03:08] "GET /api/state HTTP/1.1" 200 -
[24/Jun/2026 13:03:11] "GET /api/state HTTP/1.1" 200 -
[24/Jun/2026 13:03:13] "GET /api/state HTTP/1.1" 200 -
[24/Jun/2026 13:03:16] "GET /api/state HTTP/1.1" 200 -
[24/Jun/2026 13:03:18] "GET /api/state HTTP/1.1" 200 -
[24/Jun/2026 13:03:21] "GET /api/state HTTP/1.1" 200 -
[24/Jun/2026 13:03:23] "GET /api/state HTTP/1.1" 200 -
[24/Jun/2026 13:03:26] "GET /api/state HTTP/1.1" 200 -
[24/Jun/2026 13:03:28] "GET /api/state HTTP/1.1" 200 -
[24/Jun/2026 13:03:31] "GET /api/state HTTP/1.1" 200 -
[24/Jun/2026 13:03:33] "GET /api/state HTTP/1.1" 200 -
[24/Jun/2026 13:03:36] "GET /api/state HTTP/1.1" 200 -
[24/Jun/2026 13:03:38] "GET /api/state HTTP/1.1" 200 -
[24/Jun/2026 13:03:41] "GET /api/state HTTP/1.1" 200 -
[24/Jun/2026 13:03:41] "POST /api/submit HTTP/1.1" 200 -
[24/Jun/2026 13:03:43] "GET /api/state HTTP/1.1" 200 -
[24/Jun/2026 13:03:43] "GET /api/state HTTP/1.1" 200 -
[24/Jun/2026 13:03:46] "GET /api/state HTTP/1.1" 200 -
[24/Jun/2026 13:03:48] "GET /api/state HTTP/1.1" 200 -
[24/Jun/2026 13:03:51] "GET /api/state HTTP/1.1" 200 -
[24/Jun/2026 13:03:53] "GET /api/state HTTP/1.1" 200 -
[24/Jun/2026 13:03:56] "GET /api/state HTTP/1.1" 200 -
[24/Jun/2026 13:03:58] "GET /api/state HTTP/1.1" 200 -
[24/Jun/2026 13:04:01] "GET /api/state HTTP/1.1" 200 -
[24/Jun/2026 13:04:03] "GET /api/state HTTP/1.1" 200 -
[24/Jun/2026 13:04:06] "GET /api/state HTTP/1.1" 200 -
[24/Jun/2026 13:04:08] "GET /api/state HTTP/1.1" 200 -
[24/Jun/2026 13:04:11] "GET /api/state HTTP/1.1" 200 -
[24/Jun/2026 13:04:13] "GET /api/state HTTP/1.1" 200 -
[24/Jun/2026 13:04:16] "GET /api/state HTTP/1.1" 200 -
[24/Jun/2026 13:04:18] "GET /api/state HTTP/1.1" 200 -
[24/Jun/2026 13:04:21] "GET /api/state HTTP/1.1" 200 -
[24/Jun/2026 13:04:23] "GET /api/state HTTP/1.1" 200 -
[24/Jun/2026 13:04:26] "GET /api/state HTTP/1.1" 200 -
[24/Jun/2026 13:04:28] "GET /api/state HTTP/1.1" 200 -
[24/Jun/2026 13:04:29] "POST /api/workflow/complete HTTP/1.1" 200 -
[24/Jun/2026 13:04:29] "GET /api/workbench HTTP/1.1" 200 -
[24/Jun/2026 13:05:01] "GET /api/workbench HTTP/1.1" 200 -
[24/Jun/2026 13:05:01] "POST /api/task/enter HTTP/1.1" 200 -
[24/Jun/2026 13:05:01] "GET /api/state HTTP/1.1" 200 -
[24/Jun/2026 13:05:01] "GET /assets/products/tea-cup.png HTTP/1.1" 200 -
[24/Jun/2026 13:05:01] "GET /assets/products/floor-lamp.png HTTP/1.1" 200 -[24/Jun/2026 13:05:01] "GET /assets/products/lipstick.png HTTP/1.1" 200 -[24/Jun/2026 13:05:01] "GET /assets/products/sunscreen.png HTTP/1.1" 200 -


[24/Jun/2026 13:05:01] "GET /assets/products/badminton-racket.png HTTP/1.1" 200 -
[24/Jun/2026 13:05:01] "GET /assets/products/trekking-poles.png HTTP/1.1" 200 -
[24/Jun/2026 13:05:03] "GET /api/state HTTP/1.1" 200 -
[24/Jun/2026 13:05:06] "GET /api/state HTTP/1.1" 200 -
[24/Jun/2026 13:05:08] "GET /api/state HTTP/1.1" 200 -
[24/Jun/2026 13:05:11] "GET /api/state HTTP/1.1" 200 -
[24/Jun/2026 13:05:13] "GET /api/state HTTP/1.1" 200 -
[24/Jun/2026 13:05:16] "GET /api/state HTTP/1.1" 200 -
[24/Jun/2026 13:05:18] "GET /api/state HTTP/1.1" 200 -
[24/Jun/2026 13:05:21] "GET /api/state HTTP/1.1" 200 -
[24/Jun/2026 13:05:23] "GET /api/state HTTP/1.1" 200 -
[24/Jun/2026 13:05:26] "GET /api/state HTTP/1.1" 200 -
[24/Jun/2026 13:05:28] "GET /api/state HTTP/1.1" 200 -
[24/Jun/2026 13:05:31] "GET /api/state HTTP/1.1" 200 -
[24/Jun/2026 13:05:32] "POST /api/submit HTTP/1.1" 200 -
[24/Jun/2026 13:05:33] "GET /api/state HTTP/1.1" 200 -
[24/Jun/2026 13:05:33] "GET /api/state HTTP/1.1" 200 -
[24/Jun/2026 13:05:36] "GET /api/state HTTP/1.1" 200 -
[24/Jun/2026 13:05:38] "GET /api/state HTTP/1.1" 200 -
[24/Jun/2026 13:05:41] "GET /api/state HTTP/1.1" 200 -
[24/Jun/2026 13:05:43] "GET /api/state HTTP/1.1" 200 -
[24/Jun/2026 13:05:46] "GET /api/state HTTP/1.1" 200 -
[24/Jun/2026 13:05:48] "GET /api/state HTTP/1.1" 200 -
[24/Jun/2026 13:05:51] "GET /api/state HTTP/1.1" 200 -
[24/Jun/2026 13:05:53] "GET /api/state HTTP/1.1" 200 -
[24/Jun/2026 13:05:56] "GET /api/state HTTP/1.1" 200 -
[24/Jun/2026 13:05:58] "GET /api/state HTTP/1.1" 200 -
[24/Jun/2026 13:06:01] "GET /api/state HTTP/1.1" 200 -
[24/Jun/2026 13:06:03] "GET /api/state HTTP/1.1" 200 -
[24/Jun/2026 13:06:06] "GET /api/state HTTP/1.1" 200 -
[24/Jun/2026 13:06:08] "GET /api/state HTTP/1.1" 200 -
[24/Jun/2026 13:06:11] "GET /api/state HTTP/1.1" 200 -
[24/Jun/2026 13:06:13] "GET /api/state HTTP/1.1" 200 -
[24/Jun/2026 13:06:16] "GET /api/state HTTP/1.1" 200 -
[24/Jun/2026 13:06:18] "GET /api/state HTTP/1.1" 200 -
[24/Jun/2026 13:06:21] "GET /api/state HTTP/1.1" 200 -
[24/Jun/2026 13:06:23] "GET /api/state HTTP/1.1" 200 -
[24/Jun/2026 13:06:26] "GET /api/state HTTP/1.1" 200 -
[24/Jun/2026 13:06:28] "GET /api/state HTTP/1.1" 200 -
[24/Jun/2026 13:06:31] "GET /api/state HTTP/1.1" 200 -
[24/Jun/2026 13:06:33] "GET /api/state HTTP/1.1" 200 -
[24/Jun/2026 13:06:36] "GET /api/state HTTP/1.1" 200 -
[24/Jun/2026 13:06:38] "GET /api/state HTTP/1.1" 200 -
[24/Jun/2026 13:06:41] "GET /api/state HTTP/1.1" 200 -
[24/Jun/2026 13:06:43] "GET /api/state HTTP/1.1" 200 -
[24/Jun/2026 13:06:46] "GET /api/state HTTP/1.1" 200 -
[24/Jun/2026 13:06:48] "GET /api/state HTTP/1.1" 200 -
[24/Jun/2026 13:06:51] "GET /api/state HTTP/1.1" 200 -
[24/Jun/2026 13:06:53] "GET /api/state HTTP/1.1" 200 -
[24/Jun/2026 13:06:56] "GET /api/state HTTP/1.1" 200 -
[24/Jun/2026 13:06:58] "GET /api/state HTTP/1.1" 200 -
[24/Jun/2026 13:07:01] "GET /api/state HTTP/1.1" 200 -
[24/Jun/2026 13:07:03] "GET /api/state HTTP/1.1" 200 -
[24/Jun/2026 13:07:06] "GET /api/state HTTP/1.1" 200 -
[24/Jun/2026 13:07:08] "GET /api/state HTTP/1.1" 200 -
[24/Jun/2026 13:07:11] "GET /api/state HTTP/1.1" 200 -
[24/Jun/2026 13:07:13] "GET /api/state HTTP/1.1" 200 -
[24/Jun/2026 13:07:16] "GET /api/state HTTP/1.1" 200 -
[24/Jun/2026 13:07:18] "GET /api/state HTTP/1.1" 200 -
[24/Jun/2026 13:07:21] "GET /api/state HTTP/1.1" 200 -
[24/Jun/2026 13:07:23] "GET /api/state HTTP/1.1" 200 -
[24/Jun/2026 13:07:26] "GET /api/state HTTP/1.1" 200 -
[24/Jun/2026 13:07:28] "GET /api/state HTTP/1.1" 200 -
[24/Jun/2026 13:07:31] "GET /api/state HTTP/1.1" 200 -
[24/Jun/2026 13:07:33] "POST /api/workflow/complete HTTP/1.1" 200 -
[24/Jun/2026 13:07:33] "GET /api/workbench HTTP/1.1" 200 -
[24/Jun/2026 13:08:09] "GET /api/workbench HTTP/1.1" 200 -
[24/Jun/2026 13:08:09] "POST /api/task/enter HTTP/1.1" 200 -
[24/Jun/2026 13:08:09] "GET /api/state HTTP/1.1" 200 -
[24/Jun/2026 13:08:11] "GET /api/state HTTP/1.1" 200 -
[24/Jun/2026 13:08:13] "GET /api/state HTTP/1.1" 200 -
[24/Jun/2026 13:08:16] "GET /api/state HTTP/1.1" 200 -
[24/Jun/2026 13:08:18] "GET /api/state HTTP/1.1" 200 -
[24/Jun/2026 13:08:21] "GET /api/state HTTP/1.1" 200 -
[24/Jun/2026 13:08:23] "GET /api/state HTTP/1.1" 200 -
[24/Jun/2026 13:08:26] "GET /api/state HTTP/1.1" 200 -
[24/Jun/2026 13:08:28] "GET /api/state HTTP/1.1" 200 -
[24/Jun/2026 13:08:31] "GET /api/state HTTP/1.1" 200 -
[24/Jun/2026 13:08:33] "GET /api/state HTTP/1.1" 200 -
[24/Jun/2026 13:08:36] "GET /api/state HTTP/1.1" 200 -
[24/Jun/2026 13:08:38] "GET /api/state HTTP/1.1" 200 -
[24/Jun/2026 13:08:41] "GET /api/state HTTP/1.1" 200 -
[24/Jun/2026 13:08:43] "GET /api/state HTTP/1.1" 200 -
[24/Jun/2026 13:08:46] "GET /api/state HTTP/1.1" 200 -
[24/Jun/2026 13:08:48] "GET /api/state HTTP/1.1" 200 -
[24/Jun/2026 13:08:51] "GET /api/state HTTP/1.1" 200 -
[24/Jun/2026 13:08:53] "GET /api/state HTTP/1.1" 200 -
[24/Jun/2026 13:08:56] "GET /api/state HTTP/1.1" 200 -
[24/Jun/2026 13:08:58] "GET /api/state HTTP/1.1" 200 -
[24/Jun/2026 13:09:01] "GET /api/state HTTP/1.1" 200 -
[24/Jun/2026 13:09:03] "GET /api/state HTTP/1.1" 200 -
[24/Jun/2026 13:09:06] "GET /api/state HTTP/1.1" 200 -
[24/Jun/2026 13:09:08] "GET /api/state HTTP/1.1" 200 -
[24/Jun/2026 13:09:11] "GET /api/state HTTP/1.1" 200 -
[24/Jun/2026 13:09:13] "GET /api/state HTTP/1.1" 200 -
[24/Jun/2026 13:09:16] "GET /api/state HTTP/1.1" 200 -
[24/Jun/2026 13:09:18] "GET /api/state HTTP/1.1" 200 -
[24/Jun/2026 13:09:21] "GET /api/state HTTP/1.1" 200 -
[24/Jun/2026 13:09:23] "GET /api/state HTTP/1.1" 200 -
[24/Jun/2026 13:09:26] "GET /api/state HTTP/1.1" 200 -
[24/Jun/2026 13:09:28] "GET /api/state HTTP/1.1" 200 -
[24/Jun/2026 13:09:31] "GET /api/state HTTP/1.1" 200 -
[24/Jun/2026 13:09:33] "GET /api/state HTTP/1.1" 200 -
[24/Jun/2026 13:09:36] "GET /api/state HTTP/1.1" 200 -
[24/Jun/2026 13:09:38] "GET /api/state HTTP/1.1" 200 -
[24/Jun/2026 13:09:41] "GET /api/state HTTP/1.1" 200 -
[24/Jun/2026 13:09:43] "GET /api/state HTTP/1.1" 200 -
[24/Jun/2026 13:09:46] "GET /api/state HTTP/1.1" 200 -
[24/Jun/2026 13:09:48] "GET /api/state HTTP/1.1" 200 -
[24/Jun/2026 13:09:51] "GET /api/state HTTP/1.1" 200 -
[24/Jun/2026 13:09:53] "GET /api/state HTTP/1.1" 200 -
[24/Jun/2026 13:09:56] "GET /api/state HTTP/1.1" 200 -
[24/Jun/2026 13:09:58] "GET /api/state HTTP/1.1" 200 -
[24/Jun/2026 13:10:01] "GET /api/state HTTP/1.1" 200 -
[24/Jun/2026 13:10:03] "GET /api/state HTTP/1.1" 200 -
[24/Jun/2026 13:10:06] "GET /api/state HTTP/1.1" 200 -
[24/Jun/2026 13:10:08] "GET /api/state HTTP/1.1" 200 -
[24/Jun/2026 13:10:11] "GET /api/state HTTP/1.1" 200 -
[24/Jun/2026 13:10:13] "GET /api/state HTTP/1.1" 200 -
[24/Jun/2026 13:10:16] "GET /api/state HTTP/1.1" 200 -
[24/Jun/2026 13:10:18] "GET /api/state HTTP/1.1" 200 -
[24/Jun/2026 13:10:21] "GET /api/state HTTP/1.1" 200 -
[24/Jun/2026 13:10:23] "GET /api/state HTTP/1.1" 200 -
[24/Jun/2026 13:10:26] "GET /api/state HTTP/1.1" 200 -
[24/Jun/2026 13:10:28] "GET /api/state HTTP/1.1" 200 -
[24/Jun/2026 13:10:31] "GET /api/state HTTP/1.1" 200 -
[24/Jun/2026 13:10:33] "GET /api/state HTTP/1.1" 200 -
[24/Jun/2026 13:10:36] "GET /api/state HTTP/1.1" 200 -
[24/Jun/2026 13:10:38] "GET /api/state HTTP/1.1" 200 -
[24/Jun/2026 13:10:41] "GET /api/state HTTP/1.1" 200 -
[24/Jun/2026 13:10:41] "POST /api/workflow/complete HTTP/1.1" 200 -
[24/Jun/2026 13:10:41] "GET /api/workbench HTTP/1.1" 200 -
[24/Jun/2026 13:10:52] "GET /api/performance-history HTTP/1.1" 200 -
[24/Jun/2026 13:10:52] "POST /api/workflow/complete HTTP/1.1" 200 -
[24/Jun/2026 13:11:21] "POST /api/account/login HTTP/1.1" 200 -
[24/Jun/2026 13:11:21] "GET /api/workbench HTTP/1.1" 200 -
[24/Jun/2026 13:11:34] "POST /api/task/enter HTTP/1.1" 200 -
[24/Jun/2026 13:11:34] "GET /api/state HTTP/1.1" 200 -
[24/Jun/2026 13:11:36] "GET /api/state HTTP/1.1" 200 -
[24/Jun/2026 13:11:38] "GET /api/state HTTP/1.1" 200 -
[24/Jun/2026 13:11:41] "GET /api/state HTTP/1.1" 200 -
[24/Jun/2026 13:11:43] "GET /api/state HTTP/1.1" 200 -
[24/Jun/2026 13:11:46] "GET /api/state HTTP/1.1" 200 -
[24/Jun/2026 13:11:48] "GET /api/state HTTP/1.1" 200 -
[24/Jun/2026 13:11:51] "GET /api/state HTTP/1.1" 200 -
[24/Jun/2026 13:11:52] "POST /api/submit HTTP/1.1" 200 -
[24/Jun/2026 13:11:53] "GET /api/state HTTP/1.1" 200 -
[24/Jun/2026 13:11:54] "GET /api/state HTTP/1.1" 200 -
[24/Jun/2026 13:11:56] "GET /api/state HTTP/1.1" 200 -
[24/Jun/2026 13:11:58] "GET /api/state HTTP/1.1" 200 -
[24/Jun/2026 13:12:01] "GET /api/state HTTP/1.1" 200 -
[24/Jun/2026 13:12:03] "GET /api/state HTTP/1.1" 200 -
[24/Jun/2026 13:12:06] "GET /api/state HTTP/1.1" 200 -
[24/Jun/2026 13:12:08] "GET /api/state HTTP/1.1" 200 -
[24/Jun/2026 13:12:11] "GET /api/state HTTP/1.1" 200 -
[24/Jun/2026 13:12:13] "GET /api/state HTTP/1.1" 200 -
[24/Jun/2026 13:12:14] "POST /api/workflow/complete HTTP/1.1" 200 -
[24/Jun/2026 13:12:14] "GET /api/workbench HTTP/1.1" 200 -
[24/Jun/2026 13:12:40] "GET /api/workbench HTTP/1.1" 200 -
[24/Jun/2026 13:12:41] "GET /api/workbench HTTP/1.1" 200 -
[24/Jun/2026 13:12:43] "GET /api/workbench HTTP/1.1" 200 -
[24/Jun/2026 13:12:46] "GET /api/workbench HTTP/1.1" 200 -
[24/Jun/2026 13:12:48] "GET /api/workbench HTTP/1.1" 200 -
[24/Jun/2026 13:12:51] "GET /api/workbench HTTP/1.1" 200 -
[24/Jun/2026 13:12:53] "GET /api/workbench HTTP/1.1" 200 -
[24/Jun/2026 13:12:56] "GET /api/workbench HTTP/1.1" 200 -
[24/Jun/2026 13:12:58] "GET /api/workbench HTTP/1.1" 200 -
[24/Jun/2026 13:14:12] "GET /api/workbench HTTP/1.1" 200 -
[24/Jun/2026 13:14:13] "POST /api/task/enter HTTP/1.1" 200 -
[24/Jun/2026 13:14:13] "GET /api/state HTTP/1.1" 200 -
[24/Jun/2026 13:14:13] "GET /api/state HTTP/1.1" 200 -
[24/Jun/2026 13:14:16] "GET /api/state HTTP/1.1" 200 -
[24/Jun/2026 13:14:18] "GET /api/state HTTP/1.1" 200 -
[24/Jun/2026 13:14:21] "GET /api/state HTTP/1.1" 200 -
[24/Jun/2026 13:14:23] "GET /api/state HTTP/1.1" 200 -
[24/Jun/2026 13:14:26] "GET /api/state HTTP/1.1" 200 -
[24/Jun/2026 13:14:28] "GET /api/state HTTP/1.1" 200 -
[24/Jun/2026 13:14:31] "GET /api/state HTTP/1.1" 200 -
[24/Jun/2026 13:14:33] "GET /api/state HTTP/1.1" 200 -
[24/Jun/2026 13:14:36] "GET /api/state HTTP/1.1" 200 -
[24/Jun/2026 13:14:38] "GET /api/state HTTP/1.1" 200 -
[24/Jun/2026 13:14:41] "GET /api/state HTTP/1.1" 200 -
[24/Jun/2026 13:14:43] "GET /api/state HTTP/1.1" 200 -
[24/Jun/2026 13:14:46] "GET /api/state HTTP/1.1" 200 -
[24/Jun/2026 13:14:48] "GET /api/state HTTP/1.1" 200 -
[24/Jun/2026 13:14:50] "POST /api/workflow/complete HTTP/1.1" 200 -
[24/Jun/2026 13:14:50] "GET /api/workbench HTTP/1.1" 200 -
[24/Jun/2026 13:14:50] "GET /api/performance-history HTTP/1.1" 200 -
[24/Jun/2026 13:14:50] "POST /api/workflow/complete HTTP/1.1" 200 -
[24/Jun/2026 13:15:07] "GET /admin.html HTTP/1.1" 200 -
[24/Jun/2026 13:15:07] "GET /admin.js?v=20260623-2 HTTP/1.1" 200 -
[24/Jun/2026 13:15:07] "GET /api/admin/settings HTTP/1.1" 200 -
[24/Jun/2026 13:39:04] "GET /api/admin/settings HTTP/1.1" 200 -
[24/Jun/2026 13:44:28] "GET /api/admin/settings HTTP/1.1" 200 -
[24/Jun/2026 15:13:55] "POST /api/account/login HTTP/1.1" 200 -
[24/Jun/2026 15:13:55] "GET /api/workbench HTTP/1.1" 200 -
[24/Jun/2026 15:13:55] "GET /assets/brand/logo-header.png HTTP/1.1" 200 -
[24/Jun/2026 15:13:57] "GET /api/workbench HTTP/1.1" 200 -
[24/Jun/2026 15:13:59] "GET /api/workbench HTTP/1.1" 200 -
[24/Jun/2026 15:14:02] "GET /api/workbench HTTP/1.1" 200 -
[24/Jun/2026 15:14:04] "GET /api/workbench HTTP/1.1" 200 -
[24/Jun/2026 15:14:07] "GET /api/workbench HTTP/1.1" 200 -
[24/Jun/2026 15:14:09] "GET /api/workbench HTTP/1.1" 200 -
[24/Jun/2026 15:14:12] "GET /api/workbench HTTP/1.1" 200 -
[24/Jun/2026 15:14:14] "GET /api/workbench HTTP/1.1" 200 -
[24/Jun/2026 15:14:17] "GET /api/workbench HTTP/1.1" 200 -
[24/Jun/2026 15:14:19] "GET /api/workbench HTTP/1.1" 200 -
[24/Jun/2026 15:14:22] "GET /api/workbench HTTP/1.1" 200 -
[24/Jun/2026 15:14:24] "GET /api/workbench HTTP/1.1" 200 -
[24/Jun/2026 15:14:27] "GET /api/workbench HTTP/1.1" 200 -
[24/Jun/2026 15:14:29] "GET /api/workbench HTTP/1.1" 200 -
[24/Jun/2026 15:14:32] "GET /api/workbench HTTP/1.1" 200 -
[24/Jun/2026 15:14:35] "GET /api/workbench HTTP/1.1" 200 -
[24/Jun/2026 15:14:37] "GET /api/workbench HTTP/1.1" 200 -
[24/Jun/2026 15:14:40] "GET /api/workbench HTTP/1.1" 200 -
[24/Jun/2026 15:14:42] "GET /api/workbench HTTP/1.1" 200 -
[24/Jun/2026 15:14:45] "GET /api/workbench HTTP/1.1" 200 -
[24/Jun/2026 15:14:47] "GET /api/workbench HTTP/1.1" 200 -
[24/Jun/2026 15:14:50] "GET /api/workbench HTTP/1.1" 200 -
[24/Jun/2026 15:14:52] "GET /api/workbench HTTP/1.1" 200 -
[24/Jun/2026 15:14:55] "GET /api/workbench HTTP/1.1" 200 -
[24/Jun/2026 15:14:57] "GET /api/workbench HTTP/1.1" 200 -
[24/Jun/2026 15:15:00] "GET /api/workbench HTTP/1.1" 200 -
[24/Jun/2026 15:15:02] "GET /api/workbench HTTP/1.1" 200 -
[24/Jun/2026 15:15:05] "GET /api/workbench HTTP/1.1" 200 -
[24/Jun/2026 15:15:07] "GET /api/workbench HTTP/1.1" 200 -
[24/Jun/2026 15:15:10] "GET /api/workbench HTTP/1.1" 200 -
[24/Jun/2026 15:15:12] "GET /api/workbench HTTP/1.1" 200 -
[24/Jun/2026 15:15:15] "GET /api/workbench HTTP/1.1" 200 -
[24/Jun/2026 15:15:17] "GET /api/workbench HTTP/1.1" 200 -
[24/Jun/2026 15:15:20] "GET /api/workbench HTTP/1.1" 200 -
[24/Jun/2026 15:15:22] "GET /api/workbench HTTP/1.1" 200 -
[24/Jun/2026 15:15:25] "GET /api/workbench HTTP/1.1" 200 -
[24/Jun/2026 15:15:27] "GET /api/workbench HTTP/1.1" 200 -
[24/Jun/2026 15:15:30] "GET /api/workbench HTTP/1.1" 200 -
[24/Jun/2026 15:15:32] "GET /api/workbench HTTP/1.1" 200 -
[24/Jun/2026 15:15:35] "GET /api/workbench HTTP/1.1" 200 -
[24/Jun/2026 15:15:37] "GET /api/workbench HTTP/1.1" 200 -
[24/Jun/2026 15:15:40] "GET /api/workbench HTTP/1.1" 200 -
[24/Jun/2026 15:15:42] "GET /api/workbench HTTP/1.1" 200 -
[24/Jun/2026 15:15:45] "GET /api/workbench HTTP/1.1" 200 -
[24/Jun/2026 15:15:47] "GET /api/workbench HTTP/1.1" 200 -
[24/Jun/2026 15:15:50] "GET /api/workbench HTTP/1.1" 200 -
[24/Jun/2026 15:15:52] "GET /api/workbench HTTP/1.1" 200 -
[24/Jun/2026 15:15:55] "GET /api/workbench HTTP/1.1" 200 -
[24/Jun/2026 15:15:57] "GET /api/workbench HTTP/1.1" 200 -
[24/Jun/2026 15:16:00] "GET /api/workbench HTTP/1.1" 200 -
[24/Jun/2026 15:16:02] "GET /api/workbench HTTP/1.1" 200 -
[24/Jun/2026 15:16:05] "GET /api/workbench HTTP/1.1" 200 -
[24/Jun/2026 15:16:07] "GET /api/workbench HTTP/1.1" 200 -
[24/Jun/2026 15:16:10] "GET /api/workbench HTTP/1.1" 200 -
[24/Jun/2026 15:16:12] "GET /api/workbench HTTP/1.1" 200 -
[24/Jun/2026 15:16:15] "GET /api/workbench HTTP/1.1" 200 -
[24/Jun/2026 15:16:17] "GET /api/workbench HTTP/1.1" 200 -
[24/Jun/2026 15:17:19] "GET /api/workbench HTTP/1.1" 200 -
[24/Jun/2026 15:18:19] "GET /api/workbench HTTP/1.1" 200 -
[24/Jun/2026 15:19:14] "GET /api/workbench HTTP/1.1" 200 -
[24/Jun/2026 15:19:17] "GET /api/workbench HTTP/1.1" 200 -
[24/Jun/2026 15:19:19] "GET /api/workbench HTTP/1.1" 200 -
[24/Jun/2026 15:19:22] "GET /api/workbench HTTP/1.1" 200 -
[24/Jun/2026 15:19:24] "GET /api/workbench HTTP/1.1" 200 -
[24/Jun/2026 15:19:27] "GET /api/workbench HTTP/1.1" 200 -
[24/Jun/2026 15:19:29] "GET /api/workbench HTTP/1.1" 200 -
[24/Jun/2026 15:19:32] "GET /api/workbench HTTP/1.1" 200 -
[24/Jun/2026 15:19:34] "GET /api/workbench HTTP/1.1" 200 -
[24/Jun/2026 15:19:37] "GET /api/workbench HTTP/1.1" 200 -
[24/Jun/2026 15:19:39] "GET /api/workbench HTTP/1.1" 200 -
[24/Jun/2026 15:19:42] "GET /api/workbench HTTP/1.1" 200 -
[24/Jun/2026 15:19:44] "GET /api/workbench HTTP/1.1" 200 -
[24/Jun/2026 15:19:47] "GET /api/workbench HTTP/1.1" 200 -
[24/Jun/2026 15:19:49] "GET /api/workbench HTTP/1.1" 200 -
[24/Jun/2026 15:19:52] "GET /api/workbench HTTP/1.1" 200 -
[24/Jun/2026 15:19:54] "GET /api/workbench HTTP/1.1" 200 -
[24/Jun/2026 15:19:57] "GET /api/workbench HTTP/1.1" 200 -
[24/Jun/2026 15:19:59] "GET /api/workbench HTTP/1.1" 200 -
[24/Jun/2026 15:20:02] "GET /api/workbench HTTP/1.1" 200 -
[24/Jun/2026 15:20:04] "GET /api/workbench HTTP/1.1" 200 -
[24/Jun/2026 15:20:07] "GET /api/workbench HTTP/1.1" 200 -
[24/Jun/2026 15:20:09] "GET /api/workbench HTTP/1.1" 200 -
[24/Jun/2026 15:20:12] "GET /api/workbench HTTP/1.1" 200 -
[24/Jun/2026 15:20:14] "GET /api/workbench HTTP/1.1" 200 -
[24/Jun/2026 15:20:17] "GET /api/workbench HTTP/1.1" 200 -
[24/Jun/2026 15:20:20] "GET /api/workbench HTTP/1.1" 200 -
[24/Jun/2026 15:20:22] "GET /api/workbench HTTP/1.1" 200 -
[24/Jun/2026 15:20:24] "GET /api/workbench HTTP/1.1" 200 -
[24/Jun/2026 15:20:27] "GET /api/workbench HTTP/1.1" 200 -
[24/Jun/2026 15:20:29] "GET /api/workbench HTTP/1.1" 200 -
[24/Jun/2026 15:20:32] "GET /api/workbench HTTP/1.1" 200 -
[24/Jun/2026 15:20:34] "GET /api/workbench HTTP/1.1" 200 -
[24/Jun/2026 15:20:37] "GET /api/workbench HTTP/1.1" 200 -
[24/Jun/2026 15:23:07] "GET / HTTP/1.1" 200 -
[24/Jun/2026 15:23:07] "GET /app.js?v=20260623-3 HTTP/1.1" 200 -[24/Jun/2026 15:23:07] "GET /styles.css?v=20260623-3 HTTP/1.1" 200 -

[24/Jun/2026 15:23:07] "GET /api/workbench HTTP/1.1" 200 -
[24/Jun/2026 15:23:09] "GET /api/workbench HTTP/1.1" 200 -
[24/Jun/2026 15:23:12] "GET /api/workbench HTTP/1.1" 200 -
[24/Jun/2026 15:23:14] "GET /api/workbench HTTP/1.1" 200 -
[24/Jun/2026 15:23:17] "GET /api/workbench HTTP/1.1" 200 -
[24/Jun/2026 15:23:19] "GET /api/workbench HTTP/1.1" 200 -
[24/Jun/2026 15:23:22] "GET /api/workbench HTTP/1.1" 200 -
[24/Jun/2026 15:23:24] "GET /api/workbench HTTP/1.1" 200 -
[24/Jun/2026 15:23:27] "GET /api/workbench HTTP/1.1" 200 -
[24/Jun/2026 15:23:29] "GET /api/workbench HTTP/1.1" 200 -
[24/Jun/2026 15:23:32] "GET /api/workbench HTTP/1.1" 200 -
[24/Jun/2026 15:23:34] "GET /api/workbench HTTP/1.1" 200 -
[24/Jun/2026 15:23:37] "GET /api/workbench HTTP/1.1" 200 -
[24/Jun/2026 15:23:39] "GET /api/workbench HTTP/1.1" 200 -
[24/Jun/2026 15:23:42] "GET /api/workbench HTTP/1.1" 200 -
[24/Jun/2026 15:23:44] "GET /api/workbench HTTP/1.1" 200 -
[24/Jun/2026 15:23:47] "GET /api/workbench HTTP/1.1" 200 -
[24/Jun/2026 15:23:49] "GET /api/workbench HTTP/1.1" 200 -
[24/Jun/2026 15:23:52] "GET /api/workbench HTTP/1.1" 200 -
[24/Jun/2026 15:23:54] "GET /api/workbench HTTP/1.1" 200 -
[24/Jun/2026 15:23:57] "GET /api/workbench HTTP/1.1" 200 -
[24/Jun/2026 15:23:59] "GET /api/workbench HTTP/1.1" 200 -
[24/Jun/2026 15:24:02] "GET /api/workbench HTTP/1.1" 200 -
[24/Jun/2026 15:24:04] "GET /api/workbench HTTP/1.1" 200 -
[24/Jun/2026 15:24:07] "GET /api/workbench HTTP/1.1" 200 -
[24/Jun/2026 15:24:09] "GET /api/workbench HTTP/1.1" 200 -
[24/Jun/2026 15:24:12] "GET /api/workbench HTTP/1.1" 200 -
[24/Jun/2026 15:24:14] "GET /api/workbench HTTP/1.1" 200 -
[24/Jun/2026 15:24:17] "GET /api/workbench HTTP/1.1" 200 -
[24/Jun/2026 15:24:19] "GET /api/workbench HTTP/1.1" 200 -
[24/Jun/2026 15:24:22] "GET /api/workbench HTTP/1.1" 200 -
[24/Jun/2026 15:24:24] "GET /api/workbench HTTP/1.1" 200 -
[24/Jun/2026 15:24:27] "GET /api/workbench HTTP/1.1" 200 -
[24/Jun/2026 15:24:29] "GET /api/workbench HTTP/1.1" 200 -
[24/Jun/2026 15:24:32] "GET /api/workbench HTTP/1.1" 200 -
[24/Jun/2026 15:24:34] "GET /api/workbench HTTP/1.1" 200 -
[24/Jun/2026 15:25:19] "GET /api/workbench HTTP/1.1" 200 -
[24/Jun/2026 15:26:16] "GET / HTTP/1.1" 200 -
[24/Jun/2026 15:26:16] "GET /app.js?v=20260623-3 HTTP/1.1" 200 -
[24/Jun/2026 15:26:16] "GET /api/workbench HTTP/1.1" 200 -
[24/Jun/2026 15:26:19] "GET /api/workbench HTTP/1.1" 200 -
[24/Jun/2026 15:26:19] "GET /api/workbench HTTP/1.1" 200 -
[24/Jun/2026 15:26:19] "GET /api/workbench HTTP/1.1" 200 -
[24/Jun/2026 15:26:22] "GET /api/workbench HTTP/1.1" 200 -
[24/Jun/2026 15:26:24] "GET /api/workbench HTTP/1.1" 200 -
[24/Jun/2026 15:26:27] "GET /api/workbench HTTP/1.1" 200 -
[24/Jun/2026 15:26:29] "GET /api/workbench HTTP/1.1" 200 -
[24/Jun/2026 15:26:32] "GET /api/workbench HTTP/1.1" 200 -
[24/Jun/2026 15:26:34] "GET /api/workbench HTTP/1.1" 200 -
[24/Jun/2026 15:26:37] "GET /api/workbench HTTP/1.1" 200 -
[24/Jun/2026 15:26:39] "GET /api/workbench HTTP/1.1" 200 -
[24/Jun/2026 15:26:42] "GET /api/workbench HTTP/1.1" 200 -
[24/Jun/2026 15:26:44] "GET /api/workbench HTTP/1.1" 200 -
[24/Jun/2026 15:26:47] "GET /api/workbench HTTP/1.1" 200 -
[24/Jun/2026 15:26:49] "GET /api/workbench HTTP/1.1" 200 -
[24/Jun/2026 15:26:52] "GET /api/workbench HTTP/1.1" 200 -
[24/Jun/2026 15:26:54] "GET /api/workbench HTTP/1.1" 200 -
[24/Jun/2026 15:26:57] "GET /api/workbench HTTP/1.1" 200 -
[24/Jun/2026 15:26:59] "GET /api/workbench HTTP/1.1" 200 -
[24/Jun/2026 15:27:02] "GET /api/workbench HTTP/1.1" 200 -
[24/Jun/2026 15:27:04] "GET /api/workbench HTTP/1.1" 200 -
[24/Jun/2026 15:27:07] "GET /api/workbench HTTP/1.1" 200 -
[24/Jun/2026 15:27:09] "GET /api/workbench HTTP/1.1" 200 -
[24/Jun/2026 15:27:12] "GET /api/workbench HTTP/1.1" 200 -
[24/Jun/2026 15:27:14] "GET /api/workbench HTTP/1.1" 200 -
[24/Jun/2026 15:27:17] "GET /api/workbench HTTP/1.1" 200 -
[24/Jun/2026 15:27:19] "GET /api/workbench HTTP/1.1" 200 -
[24/Jun/2026 15:28:19] "GET /api/workbench HTTP/1.1" 200 -
[24/Jun/2026 15:29:19] "GET /api/workbench HTTP/1.1" 200 -
[24/Jun/2026 15:30:19] "GET /api/workbench HTTP/1.1" 200 -
[24/Jun/2026 15:31:19] "GET /api/workbench HTTP/1.1" 200 -
[24/Jun/2026 15:32:19] "GET /api/workbench HTTP/1.1" 200 -
[24/Jun/2026 15:33:19] "GET /api/workbench HTTP/1.1" 200 -
[24/Jun/2026 15:34:19] "GET /api/workbench HTTP/1.1" 200 -
[24/Jun/2026 15:35:19] "GET /api/workbench HTTP/1.1" 200 -
[24/Jun/2026 15:36:19] "GET /api/workbench HTTP/1.1" 200 -
[24/Jun/2026 15:37:19] "GET /api/workbench HTTP/1.1" 200 -
[24/Jun/2026 15:38:19] "GET /api/workbench HTTP/1.1" 200 -
[24/Jun/2026 15:39:19] "GET /api/workbench HTTP/1.1" 200 -
[24/Jun/2026 15:40:19] "GET /api/workbench HTTP/1.1" 200 -
[24/Jun/2026 15:41:19] "GET /api/workbench HTTP/1.1" 200 -
[24/Jun/2026 15:42:19] "GET /api/workbench HTTP/1.1" 200 -
[24/Jun/2026 15:43:19] "GET /api/workbench HTTP/1.1" 200 -
[24/Jun/2026 15:44:19] "GET /api/workbench HTTP/1.1" 200 -
[24/Jun/2026 15:45:19] "GET /api/workbench HTTP/1.1" 200 -
[24/Jun/2026 15:46:19] "GET /api/workbench HTTP/1.1" 200 -
[24/Jun/2026 15:47:19] "GET /api/workbench HTTP/1.1" 200 -
[24/Jun/2026 15:48:19] "GET /api/workbench HTTP/1.1" 200 -
[24/Jun/2026 15:49:19] "GET /api/workbench HTTP/1.1" 200 -
[24/Jun/2026 15:49:36] "GET /api/workbench HTTP/1.1" 200 -
[24/Jun/2026 15:49:37] "GET /api/workbench HTTP/1.1" 200 -
[24/Jun/2026 15:50:25] "GET /api/workbench HTTP/1.1" 200 -
[24/Jun/2026 15:51:19] "GET /api/workbench HTTP/1.1" 200 -
[24/Jun/2026 15:52:19] "GET /api/workbench HTTP/1.1" 200 -
[24/Jun/2026 15:53:19] "GET /api/workbench HTTP/1.1" 200 -
[24/Jun/2026 15:58:09] "GET /api/workbench HTTP/1.1" 200 -
[24/Jun/2026 15:58:11] "GET /api/workbench HTTP/1.1" 200 -
[24/Jun/2026 15:58:14] "GET /api/workbench HTTP/1.1" 200 -
[24/Jun/2026 15:58:16] "GET /api/workbench HTTP/1.1" 200 -
[24/Jun/2026 15:58:19] "GET /api/workbench HTTP/1.1" 200 -
[24/Jun/2026 15:58:21] "GET /api/workbench HTTP/1.1" 200 -
[24/Jun/2026 15:58:24] "GET /api/workbench HTTP/1.1" 200 -
[24/Jun/2026 15:58:26] "GET /api/workbench HTTP/1.1" 200 -
[24/Jun/2026 15:58:29] "GET /api/workbench HTTP/1.1" 200 -
[24/Jun/2026 15:58:31] "GET /api/workbench HTTP/1.1" 200 -
[24/Jun/2026 15:58:34] "GET /api/workbench HTTP/1.1" 200 -
[24/Jun/2026 15:58:36] "GET /api/workbench HTTP/1.1" 200 -
[24/Jun/2026 15:58:39] "GET /api/workbench HTTP/1.1" 200 -
[24/Jun/2026 15:58:41] "GET /api/workbench HTTP/1.1" 200 -
[24/Jun/2026 15:58:44] "GET /api/workbench HTTP/1.1" 200 -
[24/Jun/2026 15:58:46] "GET /api/workbench HTTP/1.1" 200 -
[24/Jun/2026 15:58:49] "GET /api/workbench HTTP/1.1" 200 -
[24/Jun/2026 15:58:51] "GET /api/workbench HTTP/1.1" 200 -
[24/Jun/2026 15:58:54] "GET /api/workbench HTTP/1.1" 200 -
[24/Jun/2026 15:58:56] "GET /api/workbench HTTP/1.1" 200 -
[24/Jun/2026 15:58:59] "GET /api/workbench HTTP/1.1" 200 -
[24/Jun/2026 15:59:01] "GET /api/workbench HTTP/1.1" 200 -
[24/Jun/2026 15:59:04] "GET /api/workbench HTTP/1.1" 200 -
[24/Jun/2026 15:59:06] "GET /api/workbench HTTP/1.1" 200 -
[24/Jun/2026 16:29:36] "GET / HTTP/1.1" 200 -
[24/Jun/2026 16:29:36] "GET /styles.css?v=20260623-3 HTTP/1.1" 200 -
[24/Jun/2026 16:29:36] "GET /app.js?v=20260623-3 HTTP/1.1" 200 -
[24/Jun/2026 16:29:36] "GET /api/workbench HTTP/1.1" 200 -
[24/Jun/2026 16:29:36] "GET /assets/brand/logo-header.png HTTP/1.1" 200 -
[24/Jun/2026 16:29:38] "GET /api/workbench HTTP/1.1" 200 -
[24/Jun/2026 16:29:41] "GET /api/workbench HTTP/1.1" 200 -
[24/Jun/2026 16:29:43] "GET /api/workbench HTTP/1.1" 200 -
[24/Jun/2026 16:29:46] "GET /api/workbench HTTP/1.1" 200 -
[24/Jun/2026 16:29:48] "GET /api/workbench HTTP/1.1" 200 -
[24/Jun/2026 16:29:51] "GET /api/workbench HTTP/1.1" 200 -
[24/Jun/2026 16:29:53] "GET /api/workbench HTTP/1.1" 200 -
[24/Jun/2026 16:29:56] "GET /api/workbench HTTP/1.1" 200 -
[24/Jun/2026 16:29:58] "GET /api/workbench HTTP/1.1" 200 -
[24/Jun/2026 16:30:01] "GET /api/workbench HTTP/1.1" 200 -
[24/Jun/2026 16:30:03] "GET /api/workbench HTTP/1.1" 200 -
[24/Jun/2026 16:30:06] "GET /api/workbench HTTP/1.1" 200 -
[24/Jun/2026 16:30:08] "GET /api/workbench HTTP/1.1" 200 -
[24/Jun/2026 16:30:11] "GET /api/workbench HTTP/1.1" 200 -
[24/Jun/2026 16:30:13] "GET /api/workbench HTTP/1.1" 200 -
[24/Jun/2026 16:30:16] "GET /api/workbench HTTP/1.1" 200 -
[24/Jun/2026 16:30:18] "GET /api/workbench HTTP/1.1" 200 -
[24/Jun/2026 16:30:21] "GET /api/workbench HTTP/1.1" 200 -
[24/Jun/2026 16:30:23] "GET /api/workbench HTTP/1.1" 200 -
[24/Jun/2026 16:30:26] "GET /api/workbench HTTP/1.1" 200 -
[24/Jun/2026 16:30:28] "GET /api/workbench HTTP/1.1" 200 -
[24/Jun/2026 16:30:31] "GET /api/workbench HTTP/1.1" 200 -
[24/Jun/2026 16:30:33] "GET /api/workbench HTTP/1.1" 200 -
[24/Jun/2026 16:30:36] "GET /api/workbench HTTP/1.1" 200 -
[24/Jun/2026 16:30:38] "GET /api/workbench HTTP/1.1" 200 -
[24/Jun/2026 16:30:41] "GET /api/workbench HTTP/1.1" 200 -
[24/Jun/2026 16:30:43] "GET /api/workbench HTTP/1.1" 200 -
[24/Jun/2026 16:30:46] "GET /api/workbench HTTP/1.1" 200 -
[24/Jun/2026 16:30:48] "GET /api/workbench HTTP/1.1" 200 -
[24/Jun/2026 16:30:51] "GET /api/workbench HTTP/1.1" 200 -
[24/Jun/2026 16:30:53] "GET /api/workbench HTTP/1.1" 200 -
[24/Jun/2026 16:30:56] "GET /api/workbench HTTP/1.1" 200 -
[24/Jun/2026 16:30:58] "GET /api/workbench HTTP/1.1" 200 -
[24/Jun/2026 16:31:01] "GET /api/workbench HTTP/1.1" 200 -
[24/Jun/2026 16:31:03] "GET /api/workbench HTTP/1.1" 200 -
[24/Jun/2026 16:31:06] "GET /api/workbench HTTP/1.1" 200 -
[24/Jun/2026 16:31:08] "GET /api/workbench HTTP/1.1" 200 -
[24/Jun/2026 16:31:11] "GET /api/workbench HTTP/1.1" 200 -
[24/Jun/2026 16:31:13] "GET /api/workbench HTTP/1.1" 200 -
[24/Jun/2026 16:31:16] "GET /api/workbench HTTP/1.1" 200 -
[24/Jun/2026 16:31:18] "GET /api/workbench HTTP/1.1" 200 -
[24/Jun/2026 16:31:21] "GET /api/workbench HTTP/1.1" 200 -
[24/Jun/2026 16:31:23] "GET /api/workbench HTTP/1.1" 200 -
[24/Jun/2026 16:31:26] "GET /api/workbench HTTP/1.1" 200 -
[24/Jun/2026 16:31:28] "GET /api/workbench HTTP/1.1" 200 -
[24/Jun/2026 16:31:31] "GET /api/workbench HTTP/1.1" 200 -
[24/Jun/2026 16:31:33] "GET /api/workbench HTTP/1.1" 200 -
[24/Jun/2026 16:31:36] "GET /api/workbench HTTP/1.1" 200 -
[24/Jun/2026 16:31:38] "GET /api/workbench HTTP/1.1" 200 -
[24/Jun/2026 16:31:41] "GET /api/workbench HTTP/1.1" 200 -
[24/Jun/2026 16:31:43] "GET /api/workbench HTTP/1.1" 200 -
[24/Jun/2026 16:32:19] "GET /api/workbench HTTP/1.1" 200 -
[24/Jun/2026 16:32:53] "GET /api/workbench HTTP/1.1" 200 -
[24/Jun/2026 16:32:56] "GET /api/workbench HTTP/1.1" 200 -
[24/Jun/2026 16:32:58] "GET /api/workbench HTTP/1.1" 200 -
[24/Jun/2026 16:33:01] "GET /api/workbench HTTP/1.1" 200 -
[24/Jun/2026 16:33:03] "GET /api/workbench HTTP/1.1" 200 -
[24/Jun/2026 16:33:06] "GET /api/workbench HTTP/1.1" 200 -
[24/Jun/2026 16:33:08] "GET /api/workbench HTTP/1.1" 200 -
[24/Jun/2026 16:33:11] "GET /api/workbench HTTP/1.1" 200 -
[24/Jun/2026 16:33:13] "GET /assets/brand/logo-login.png HTTP/1.1" 200 -
[24/Jun/2026 16:33:23] "POST /api/account/login HTTP/1.1" 200 -
[24/Jun/2026 16:33:23] "GET /api/workbench HTTP/1.1" 200 -
[24/Jun/2026 16:33:34] "POST /api/task/enter HTTP/1.1" 200 -
[24/Jun/2026 16:33:34] "GET /api/state HTTP/1.1" 200 -
[24/Jun/2026 16:33:34] "GET /assets/products/storage-cabinet.png HTTP/1.1" 200 -[24/Jun/2026 16:33:34] "GET /assets/products/cleanser.png HTTP/1.1" 200 -

[24/Jun/2026 16:33:34] "GET /assets/products/hiking-backpack.png HTTP/1.1" 200 -
[24/Jun/2026 16:33:36] "GET /api/state HTTP/1.1" 200 -
[24/Jun/2026 16:33:38] "GET /api/state HTTP/1.1" 200 -
[24/Jun/2026 16:33:41] "GET /api/state HTTP/1.1" 200 -
[24/Jun/2026 16:33:43] "GET /api/state HTTP/1.1" 200 -
[24/Jun/2026 16:33:46] "GET /api/state HTTP/1.1" 200 -
[24/Jun/2026 16:33:48] "GET /api/state HTTP/1.1" 200 -
[24/Jun/2026 16:33:51] "GET /api/state HTTP/1.1" 200 -
[24/Jun/2026 16:33:53] "GET /api/state HTTP/1.1" 200 -
[24/Jun/2026 16:33:56] "GET /api/state HTTP/1.1" 200 -
[24/Jun/2026 16:33:58] "GET /api/state HTTP/1.1" 200 -
[24/Jun/2026 16:34:01] "GET /api/state HTTP/1.1" 200 -
[24/Jun/2026 16:34:03] "GET /api/state HTTP/1.1" 200 -
[24/Jun/2026 16:34:06] "GET /api/state HTTP/1.1" 200 -
[24/Jun/2026 16:34:08] "GET /api/state HTTP/1.1" 200 -
[24/Jun/2026 16:34:08] "POST /api/submit HTTP/1.1" 200 -
[24/Jun/2026 16:34:10] "GET /api/state HTTP/1.1" 200 -
[24/Jun/2026 16:34:11] "GET /api/state HTTP/1.1" 200 -
[24/Jun/2026 16:34:13] "GET /api/state HTTP/1.1" 200 -
[24/Jun/2026 16:34:16] "GET /api/state HTTP/1.1" 200 -
[24/Jun/2026 16:34:18] "GET /api/state HTTP/1.1" 200 -
[24/Jun/2026 16:34:21] "GET /api/state HTTP/1.1" 200 -
[24/Jun/2026 16:34:23] "GET /api/state HTTP/1.1" 200 -
[24/Jun/2026 16:34:26] "GET /api/state HTTP/1.1" 200 -
[24/Jun/2026 16:34:28] "GET /api/state HTTP/1.1" 200 -
[24/Jun/2026 16:34:31] "GET /api/state HTTP/1.1" 200 -
[24/Jun/2026 16:34:33] "GET /api/state HTTP/1.1" 200 -
[24/Jun/2026 16:34:36] "GET /api/state HTTP/1.1" 200 -
[24/Jun/2026 16:34:38] "GET /api/state HTTP/1.1" 200 -
[24/Jun/2026 16:34:41] "GET /api/state HTTP/1.1" 200 -
[24/Jun/2026 16:34:43] "GET /api/state HTTP/1.1" 200 -
[24/Jun/2026 16:34:45] "POST /api/submit HTTP/1.1" 200 -
[24/Jun/2026 16:34:46] "GET /api/state HTTP/1.1" 200 -
[24/Jun/2026 16:34:46] "GET /api/state HTTP/1.1" 200 -
[24/Jun/2026 16:34:48] "GET /api/state HTTP/1.1" 200 -
[24/Jun/2026 16:34:51] "GET /api/state HTTP/1.1" 200 -
[24/Jun/2026 16:34:53] "GET /api/state HTTP/1.1" 200 -
[24/Jun/2026 16:34:56] "GET /api/state HTTP/1.1" 200 -
[24/Jun/2026 16:34:58] "GET /api/state HTTP/1.1" 200 -
[24/Jun/2026 16:34:59] "POST /api/submit HTTP/1.1" 200 -
[24/Jun/2026 16:35:00] "GET /api/state HTTP/1.1" 200 -
[24/Jun/2026 16:35:01] "GET /api/state HTTP/1.1" 200 -
[24/Jun/2026 16:35:03] "GET /api/state HTTP/1.1" 200 -
[24/Jun/2026 16:35:04] "POST /api/workflow/complete HTTP/1.1" 200 -
[24/Jun/2026 16:35:04] "GET /api/workbench HTTP/1.1" 200 -
[26/Jun/2026 14:54:26] "POST /api/questionnaire/submit HTTP/1.1" 200 -
[26/Jun/2026 14:54:26] "GET /api/workbench HTTP/1.1" 200 -
[26/Jun/2026 14:54:28] "GET /api/workbench HTTP/1.1" 200 -
[26/Jun/2026 14:54:31] "GET /api/workbench HTTP/1.1" 200 -
[26/Jun/2026 14:54:33] "GET /api/workbench HTTP/1.1" 200 -
[26/Jun/2026 14:54:36] "GET /api/workbench HTTP/1.1" 200 -
[26/Jun/2026 14:54:38] "GET /api/workbench HTTP/1.1" 200 -
[26/Jun/2026 14:54:41] "GET /api/workbench HTTP/1.1" 200 -
[26/Jun/2026 14:54:43] "GET /api/workbench HTTP/1.1" 200 -
[26/Jun/2026 14:54:45] "GET /assets/brand/logo-login.png HTTP/1.1" 200 -
[28/Jun/2026 13:07:19] "GET / HTTP/1.1" 200 -
[28/Jun/2026 13:07:19] "GET /app.js?v=20260623-3 HTTP/1.1" 200 -
[28/Jun/2026 13:07:19] "GET /styles.css?v=20260623-3 HTTP/1.1" 200 -
[28/Jun/2026 13:07:19] "GET /assets/brand/logo-login.png HTTP/1.1" 200 -
[28/Jun/2026 13:07:28] "POST /api/account/login HTTP/1.1" 200 -
[28/Jun/2026 13:07:28] "GET /api/workbench HTTP/1.1" 200 -
[28/Jun/2026 13:07:28] "GET /assets/brand/logo-header.png HTTP/1.1" 200 -
[28/Jun/2026 13:40:22] "POST /api/task/enter HTTP/1.1" 200 -
[28/Jun/2026 13:40:22] "GET /api/state HTTP/1.1" 200 -
[28/Jun/2026 13:40:24] "GET /api/state HTTP/1.1" 200 -
[28/Jun/2026 13:40:25] "GET /api/workbench HTTP/1.1" 200 -
쾀창股밤땐데뇹잿溝固綠폘땡：http://127.0.0.1:8023
꾸鱗燎癎빈憩：http://127.0.0.1:8023/admin.html
[28/Jun/2026 18:18:56] "GET / HTTP/1.1" 200 -
[28/Jun/2026 18:21:49] "GET / HTTP/1.1" 200 -
[28/Jun/2026 18:21:49] "GET /styles.css?v=20260628-1 HTTP/1.1" 200 -
[28/Jun/2026 18:21:49] "GET /app.js?v=20260628-1 HTTP/1.1" 200 -
[28/Jun/2026 18:21:49] "GET /api/workbench HTTP/1.1" 200 -
[28/Jun/2026 18:21:50] "GET /assets/brand/logo-header.png HTTP/1.1" 200 -
[28/Jun/2026 18:22:13] "POST /api/task/enter HTTP/1.1" 200 -
[28/Jun/2026 18:22:13] "GET /api/state HTTP/1.1" 200 -
[28/Jun/2026 18:22:14] "GET /api/state HTTP/1.1" 200 -
[28/Jun/2026 18:22:17] "GET /api/state HTTP/1.1" 200 -
[28/Jun/2026 18:22:19] "GET /api/state HTTP/1.1" 200 -
[28/Jun/2026 18:22:22] "GET /api/state HTTP/1.1" 200 -
[28/Jun/2026 18:22:24] "GET /api/state HTTP/1.1" 200 -
[28/Jun/2026 18:22:26] "GET /api/workbench HTTP/1.1" 200 -
[28/Jun/2026 18:22:31] "GET /assets/brand/logo-login.png HTTP/1.1" 200 -
